<?xml version="1.0" encoding="UTF-8"?>
<testsuite xmlns:xsi="http://www.w3.org/2001/XMLSchema-instance" xsi:noNamespaceSchemaLocation="https://maven.apache.org/surefire/maven-surefire-plugin/xsd/surefire-test-report.xsd" name="org.apache.commons.numbers.fraction.FractionTest" time="0.149" tests="7" errors="0" skipped="0" failures="2">
  <properties>
[...]
</properties>
  <testcase name="testReduction" classname="org.apache.commons.numbers.fraction.FractionTest" time="0.011"/>
  <testcase name="testAdd" classname="org.apache.commons.numbers.fraction.FractionTest" time="0.008">
    <failure message="expected:&lt;5&gt; but was:&lt;7&gt;" type="java.lang.AssertionError"><![CDATA[java.lang.AssertionError: expected:<5> but was:<7>
	at org.apache.commons.numbers.fraction.FractionTest.testAdd(FractionTest.java:36)
]]></failure>
  </testcase>
  <testcase name="testSubtract" classname="org.apache.commons.numbers.fraction.FractionTest" time="0">
    <failure message="expected:&lt;1&gt; but was:&lt;-5&gt;" type="java.lang.AssertionError"><![CDATA[java.lang.AssertionError: expected:<1> but was:<-5>
	at org.apache.commons.numbers.fraction.FractionTest.testSubtract(FractionTest.java:43)
]]></failure>
  </testcase>
  <testcase name="testToString" classname="org.apache.commons.numbers.fraction.FractionTest" time="0.015"/>
  <testcase name="testOf" classname="org.apache.commons.numbers.fraction.FractionTest" time="0"/>
  <testcase name="testMultiply" classname="org.apache.commons.numbers.fraction.FractionTest" time="0.001"/>
  <testcase name="testZeroDenominator" classname="org.apache.commons.numbers.fraction.FractionTest" time="0"/>
</testsuite>